<?xml version="1.0" encoding="UTF-8"?>
<testng-results ignored="0" total="1" passed="1" failed="0" skipped="0">
  <reporter-output>
  </reporter-output>
  <suite started-at="2023-07-29T15:18:28 IST" name="Default suite" finished-at="2023-07-29T15:18:53 IST" duration-ms="25333">
    <groups>
    </groups>
    <test started-at="2023-07-29T15:18:28 IST" name="Default test" finished-at="2023-07-29T15:18:53 IST" duration-ms="25333">
      <class name="com.Anantation.Login">
        <test-method is-config="true" signature="beforeMethod()[pri:0, instance:com.Anantation.Login@2892d68]" started-at="2023-07-29T15:18:28 IST" name="beforeMethod" finished-at="2023-07-29T15:18:45 IST" duration-ms="17185" status="PASS">
          <reporter-output>
          </reporter-output>
        </test-method> <!-- beforeMethod -->
        <test-method signature="f()[pri:0, instance:com.Anantation.Login@2892d68]" started-at="2023-07-29T15:18:45 IST" name="f" finished-at="2023-07-29T15:18:48 IST" duration-ms="2585" status="PASS">
          <reporter-output>
          </reporter-output>
        </test-method> <!-- f -->
        <test-method is-config="true" signature="afterMethod()[pri:0, instance:com.Anantation.Login@2892d68]" started-at="2023-07-29T15:18:48 IST" name="afterMethod" finished-at="2023-07-29T15:18:53 IST" duration-ms="5512" status="PASS">
          <reporter-output>
          </reporter-output>
        </test-method> <!-- afterMethod -->
      </class> <!-- com.Anantation.Login -->
    </test> <!-- Default test -->
  </suite> <!-- Default suite -->
</testng-results>
